<?xml version="1.0" encoding="UTF-8"?>
<!-- Generated by org.testng.reporters.JUnitXMLReporter -->
<testsuite ignored="0" hostname="DESKTOP-AV4LE00" failures="1" tests="1" name="Surefire test" time="7.741" errors="0" timestamp="2026-02-04T12:21:33 IST">
  <testcase classname="LoginTest" name="loginAutomationTest" time="7.668">
    <failure type="java.lang.AssertionError" message="Invalid credentials given expected [true] but found [false]">
      <![CDATA[java.lang.AssertionError: Invalid credentials given expected [true] but found [false]
at LoginTest.loginAutomationTest(LoginTest.java:36)
at java.base/java.util.ArrayList.forEach(ArrayList.java:1604)
... Removed 33 stack frames]]>
    </failure>
  </testcase> <!-- loginAutomationTest -->
</testsuite> <!-- Surefire test -->
