<?xml version="1.0" encoding="UTF-8"?>
<!-- Generated by org.testng.reporters.JUnitXMLReporter -->
<testsuite ignored="0" hostname="DESKTOP-AV4LE00" failures="1" tests="1" name="Surefire test" time="8.606" errors="0" timestamp="2026-02-04T07:24:23 IST">
  <testcase classname="LoginTest" name="loginAutomationTest" time="8.52">
    <failure type="java.lang.AssertionError" message="Invalid credentials given">
      <![CDATA[java.lang.AssertionError: Invalid credentials given
at LoginTest.loginAutomationTest(LoginTest.java:45)
at java.base/java.util.ArrayList.forEach(ArrayList.java:1604)
... Removed 31 stack frames]]>
    </failure>
  </testcase> <!-- loginAutomationTest -->
</testsuite> <!-- Surefire test -->
