<?xml version="1.0" encoding="UTF-8"?>
<testng-results ignored="0" total="1" passed="1" failed="0" skipped="0">
  <reporter-output>
  </reporter-output>
  <suite started-at="2026-02-04T07:32:10 IST" name="Surefire suite" finished-at="2026-02-04T07:32:19 IST" duration-ms="9519">
    <groups>
    </groups>
    <test started-at="2026-02-04T07:32:10 IST" name="Surefire test" finished-at="2026-02-04T07:32:19 IST" duration-ms="9519">
      <class name="LoginTest">
        <test-method signature="loginAutomationTest()[pri:0, instance:LoginTest@27c6e487]" started-at="2026-02-04T07:32:10 IST" name="loginAutomationTest" finished-at="2026-02-04T07:32:19 IST" duration-ms="9457" status="PASS">
          <reporter-output>
          </reporter-output>
        </test-method> <!-- loginAutomationTest -->
      </class> <!-- LoginTest -->
    </test> <!-- Surefire test -->
  </suite> <!-- Surefire suite -->
</testng-results>
